{
  "RSpec": {
    "coverage": {
      "/Users/ethan/turing/3module/rails-engine/app/models/customer.rb": {
        "lines": [
          1,
          1,
          1,
          null,
          1,
          null
        ]
      },
      "/Users/ethan/turing/3module/rails-engine/app/models/application_record.rb": {
        "lines": [
          1,
          1,
          null
        ]
      },
      "/Users/ethan/turing/3module/rails-engine/app/models/invoice_item.rb": {
        "lines": [
          1,
          1,
          1,
          null,
          1,
          1,
          null
        ]
      },
      "/Users/ethan/turing/3module/rails-engine/app/models/invoice.rb": {
        "lines": [
          1,
          1,
          null,
          1,
          1,
          1,
          1,
          1,
          null,
          null
        ]
      },
      "/Users/ethan/turing/3module/rails-engine/app/models/item.rb": {
        "lines": [
          1,
          1,
          1,
          1,
          1,
          1,
          null,
          1,
          1,
          1,
          null,
          null,
          4,
          null
        ]
      },
      "/Users/ethan/turing/3module/rails-engine/app/models/merchant.rb": {
        "lines": [
          1,
          1,
          null,
          1,
          1,
          1,
          null,
          null,
          null,
          null,
          null,
          null,
          4,
          null,
          null
        ]
      },
      "/Users/ethan/turing/3module/rails-engine/app/models/transaction.rb": {
        "lines": [
          1,
          1,
          1,
          1,
          null,
          1,
          null
        ]
      },
      "/Users/ethan/turing/3module/rails-engine/app/controllers/api/v1/items_controller.rb": {
        "lines": [
          1,
          1,
          1,
          null,
          null,
          1,
          2,
          1,
          null,
          1,
          null,
          null,
          null,
          null,
          null,
          1,
          2,
          2,
          1,
          null,
          1,
          null,
          null,
          null,
          1,
          2,
          2,
          1,
          null,
          1,
          null,
          null,
          null,
          1,
          2,
          1,
          null,
          1,
          null,
          null,
          null,
          1,
          1,
          4,
          null,
          null,
          null,
          null,
          null,
          null
        ]
      },
      "/Users/ethan/turing/3module/rails-engine/app/controllers/application_controller.rb": {
        "lines": [
          1,
          null
        ]
      },
      "/Users/ethan/turing/3module/rails-engine/app/serializer/item_serializer.rb": {
        "lines": [
          1,
          1,
          1,
          null
        ]
      },
      "/Users/ethan/turing/3module/rails-engine/app/controllers/api/v1/item_merchant_controller.rb": {
        "lines": [
          1,
          1,
          null,
          1,
          1,
          1,
          null,
          null,
          1,
          1,
          2,
          null,
          null
        ]
      },
      "/Users/ethan/turing/3module/rails-engine/app/serializer/merchant_serializer.rb": {
        "lines": [
          1,
          1,
          1,
          null,
          null
        ]
      },
      "/Users/ethan/turing/3module/rails-engine/app/controllers/api/v1/items/search_controller.rb": {
        "lines": [
          1,
          1,
          null,
          1,
          1,
          1,
          0,
          null,
          1,
          null,
          null,
          null,
          1,
          1,
          2,
          1,
          null,
          null,
          null
        ]
      },
      "/Users/ethan/turing/3module/rails-engine/app/controllers/api/v1/merchants_controller.rb": {
        "lines": [
          1,
          1,
          1,
          null,
          null,
          1,
          2,
          1,
          null,
          1,
          null,
          null,
          null,
          null,
          null,
          null,
          null,
          null,
          null,
          null,
          null,
          null,
          null
        ]
      },
      "/Users/ethan/turing/3module/rails-engine/app/controllers/api/v1/merchant_items_controller.rb": {
        "lines": [
          1,
          1,
          1,
          1,
          1,
          null,
          null
        ]
      },
      "/Users/ethan/turing/3module/rails-engine/app/controllers/api/v1/merchants/search_controller.rb": {
        "lines": [
          1,
          1,
          null,
          1,
          1,
          1,
          1,
          null,
          0,
          null,
          null,
          null,
          1,
          1,
          2,
          1,
          null,
          null,
          null
        ]
      },
      "/Users/ethan/turing/3module/rails-engine/app/controllers/api/v1/customers_controller.rb": {
        "lines": [

        ],
        "branches": {
        }
      },
      "/Users/ethan/turing/3module/rails-engine/app/controllers/api/v1/search_controller.rb": {
        "lines": [
          null,
          null,
          null,
          null,
          null,
          null,
          null,
          null,
          null,
          null,
          null,
          null,
          null,
          null,
          null,
          null,
          null,
          null,
          null,
          null,
          null,
          null,
          null,
          null,
          null,
          null,
          null,
          null,
          null,
          null,
          null,
          null,
          null,
          null,
          null
        ],
        "branches": {
        }
      }
    },
    "timestamp": 1662132374
  }
}
